<?xml version="1.0" encoding="UTF-8"?>
<!-- Generated by org.testng.reporters.JUnitReportReporter -->
<testsuite hostname="DESKTOP-7SH10QI" failures="0" tests="1" name="org.ictak.testcases.LoginTC" time="4.679" errors="0" timestamp="2024-07-17T18:54:52 IST" skipped="0">
  <testcase classname="org.ictak.testcases.LoginTC" name="TC_2" time="4.679"/>
  <system-out/>
</testsuite> <!-- org.ictak.testcases.LoginTC -->
