<?xml version="1.0" encoding="UTF-8"?>
<!-- Generated by org.testng.reporters.JUnitReportReporter -->
<testsuite hostname="DESKTOP-7SH10QI" failures="0" tests="1" name="org.ictak.testcases.MentorDashboardTC" time="1.331" errors="0" timestamp="2024-07-17T19:03:06 IST" skipped="0">
  <testcase classname="org.ictak.testcases.MentorDashboardTC" name="TC_3" time="1.331"/>
  <system-out/>
</testsuite> <!-- org.ictak.testcases.MentorDashboardTC -->
