<?xml version="1.0" encoding="UTF-8"?>
<!-- Generated by org.testng.reporters.JUnitReportReporter -->
<testsuite hostname="DESKTOP-7SH10QI" failures="0" tests="1" name="org.ictak.testcases.HomePageTC" time="8.900" errors="0" timestamp="2024-07-20T11:32:32 IST" skipped="0">
  <testcase classname="org.ictak.testcases.HomePageTC" name="TC_1" time="8.900"/>
  <system-out/>
</testsuite> <!-- org.ictak.testcases.HomePageTC -->
