<?xml version="1.0" encoding="UTF-8"?>
<!-- Generated by org.testng.reporters.JUnitReportReporter -->
<testsuite hostname="DESKTOP-7SH10QI" failures="0" tests="3" name="org.ictak.testcases.AdminLoginTC" time="45.865" errors="0" timestamp="2024-07-20T11:32:32 IST" skipped="0">
  <testcase classname="org.ictak.testcases.AdminLoginTC" name="TC_4" time="5.629"/>
  <system-out/>
  <testcase classname="org.ictak.testcases.AdminLoginTC" name="TC_5" time="24.415"/>
  <system-out/>
  <testcase classname="org.ictak.testcases.AdminLoginTC" name="TC_6" time="15.821"/>
  <system-out/>
</testsuite> <!-- org.ictak.testcases.AdminLoginTC -->
