<?xml version="1.0" encoding="UTF-8"?>
<!-- Generated by org.testng.reporters.JUnitReportReporter -->
<testsuite hostname="DESKTOP-7SH10QI" failures="0" tests="2" name="org.ictak.testcases.MentorLoginTC" time="47.046" errors="0" timestamp="2024-07-20T11:32:32 IST" skipped="0">
  <testcase classname="org.ictak.testcases.MentorLoginTC" name="TC_2" time="5.514"/>
  <system-out/>
  <testcase classname="org.ictak.testcases.MentorLoginTC" name="TC_3" time="41.532"/>
  <system-out/>
</testsuite> <!-- org.ictak.testcases.MentorLoginTC -->
